<?xml version="1.0" encoding="UTF-8"?>
<robot generator="Robot 4.0.2 (Python 3.9.5 on win32)" generated="20210527 18:51:47.419" rpa="false" schemaversion="2">
<suite id="s1" name="Tests" source="C:\Users\lucas\workspace\teste_neoprospecta\tests\tests.robot">
<test id="s1-t1" name="Caso de Teste 1: Login">
<kw name="Dado que estou na página de login do site" library="resource">
<kw name="Open Browser" library="SeleniumLibrary">
<arg>https://prova-dot-bioview-neopct.appspot.com</arg>
<arg>${BROWSER}</arg>
<doc>Opens a new browser instance to the optional ``url``.</doc>
<msg timestamp="20210527 18:51:47.609" level="INFO">Opening browser 'chrome' to base url 'https://prova-dot-bioview-neopct.appspot.com'.</msg>
<status status="PASS" starttime="20210527 18:51:47.609" endtime="20210527 18:51:58.632"/>
</kw>
<status status="PASS" starttime="20210527 18:51:47.609" endtime="20210527 18:51:58.633"/>
</kw>
<kw name="Quando colocar login e senha corretos" library="resource">
<kw name="Wait Until Element Is Visible" library="SeleniumLibrary">
<arg>xpath=/html//div[2]//h1</arg>
<doc>Waits until the element ``locator`` is visible.</doc>
<status status="PASS" starttime="20210527 18:51:58.634" endtime="20210527 18:51:58.664"/>
</kw>
<kw name="Input Text" library="SeleniumLibrary">
<arg>xpath=//*[@id="mat-input-0"]</arg>
<arg>${LOGIN}</arg>
<doc>Types the given ``text`` into the text field identified by ``locator``.</doc>
<msg timestamp="20210527 18:51:58.664" level="INFO">Typing text 'teste.qa.1@neoprospecta.com' into text field 'xpath=//*[@id="mat-input-0"]'.</msg>
<status status="PASS" starttime="20210527 18:51:58.664" endtime="20210527 18:51:58.757"/>
</kw>
<kw name="Input Password" library="SeleniumLibrary">
<arg>xpath=//*[@id="mat-input-1"]</arg>
<arg>${SENHA}</arg>
<doc>Types the given password into the text field identified by ``locator``.</doc>
<msg timestamp="20210527 18:51:58.757" level="INFO">Typing password into text field 'xpath=//*[@id="mat-input-1"]'.</msg>
<msg timestamp="20210527 18:51:58.787" level="INFO">Temporally setting log level to: NONE</msg>
<msg timestamp="20210527 18:51:58.862" level="INFO">Log level changed from NONE to INFO.</msg>
<status status="PASS" starttime="20210527 18:51:58.757" endtime="20210527 18:51:58.862"/>
</kw>
<status status="PASS" starttime="20210527 18:51:58.633" endtime="20210527 18:51:58.862"/>
</kw>
<kw name="E apertar o botão &quot;entrar&quot;" library="resource">
<kw name="Mouse Over" library="SeleniumLibrary">
<arg>xpath=//button[@type="submit"]</arg>
<doc>Simulates hovering the mouse over the element ``locator``.</doc>
<msg timestamp="20210527 18:51:58.863" level="INFO">Simulating Mouse Over on element 'xpath=//button[@type="submit"]'.</msg>
<status status="PASS" starttime="20210527 18:51:58.863" endtime="20210527 18:51:59.149"/>
</kw>
<kw name="Click Button" library="SeleniumLibrary">
<arg>xpath=//button[@type="submit"]</arg>
<doc>Clicks the button identified by ``locator``.</doc>
<msg timestamp="20210527 18:51:59.150" level="INFO">Clicking button 'xpath=//button[@type="submit"]'.</msg>
<status status="PASS" starttime="20210527 18:51:59.149" endtime="20210527 18:51:59.227"/>
</kw>
<status status="PASS" starttime="20210527 18:51:58.863" endtime="20210527 18:51:59.227"/>
</kw>
<kw name="Então devo ser direcionada à página Home do site" library="resource">
<kw name="Wait Until Element Is Visible" library="SeleniumLibrary">
<arg>xpath=/html//mat-toolbar/div</arg>
<doc>Waits until the element ``locator`` is visible.</doc>
<status status="PASS" starttime="20210527 18:51:59.227" endtime="20210527 18:52:03.809"/>
</kw>
<kw name="Page Should Contain" library="SeleniumLibrary">
<arg>Neobiome</arg>
<doc>Verifies that current page contains ``text``.</doc>
<msg timestamp="20210527 18:52:03.819" level="INFO">Current page contains text 'Neobiome'.</msg>
<status status="PASS" starttime="20210527 18:52:03.809" endtime="20210527 18:52:03.819"/>
</kw>
<status status="PASS" starttime="20210527 18:51:59.227" endtime="20210527 18:52:03.819"/>
</kw>
<status status="PASS" starttime="20210527 18:51:47.609" endtime="20210527 18:52:03.819"/>
</test>
<test id="s1-t2" name="Caso de Teste 2: Acessar a página &quot;Lista de Filtros Taxonômicos&quot;">
<kw name="Dado que estou na pégina Home do site" library="resource">
<kw name="Sleep" library="BuiltIn">
<arg>8s</arg>
<doc>Pauses the test executed for the given time.</doc>
<msg timestamp="20210527 18:52:11.829" level="INFO">Slept 8 seconds</msg>
<status status="PASS" starttime="20210527 18:52:03.821" endtime="20210527 18:52:11.829"/>
</kw>
<kw name="Wait Until Element Is Visible" library="SeleniumLibrary">
<arg>xpath=/html//most-abundant-samples-all-time//mat-card-title</arg>
<doc>Waits until the element ``locator`` is visible.</doc>
<status status="PASS" starttime="20210527 18:52:11.829" endtime="20210527 18:52:11.849"/>
</kw>
<kw name="Page Should Contain" library="SeleniumLibrary">
<arg>Microrganismos mais frequentes</arg>
<doc>Verifies that current page contains ``text``.</doc>
<msg timestamp="20210527 18:52:11.859" level="INFO">Current page contains text 'Microrganismos mais frequentes'.</msg>
<status status="PASS" starttime="20210527 18:52:11.849" endtime="20210527 18:52:11.859"/>
</kw>
<status status="PASS" starttime="20210527 18:52:03.820" endtime="20210527 18:52:11.859"/>
</kw>
<kw name="Quando quando clicar no ícone &quot;Ferramentas&quot;" library="resource">
<kw name="Mouse Over" library="SeleniumLibrary">
<arg>xpath=/html//div[1]/ul/li[3]/span/a</arg>
<doc>Simulates hovering the mouse over the element ``locator``.</doc>
<msg timestamp="20210527 18:52:11.859" level="INFO">Simulating Mouse Over on element 'xpath=/html//div[1]/ul/li[3]/span/a'.</msg>
<status status="PASS" starttime="20210527 18:52:11.859" endtime="20210527 18:52:12.140"/>
</kw>
<status status="PASS" starttime="20210527 18:52:11.859" endtime="20210527 18:52:12.140"/>
</kw>
<kw name="E &quot;Filto Taxonômico&quot;" library="resource">
<kw name="Mouse Over" library="SeleniumLibrary">
<arg>xpath=/html//ul/li[3]/span/div/a[2]</arg>
<doc>Simulates hovering the mouse over the element ``locator``.</doc>
<msg timestamp="20210527 18:52:12.140" level="INFO">Simulating Mouse Over on element 'xpath=/html//ul/li[3]/span/div/a[2]'.</msg>
<status status="PASS" starttime="20210527 18:52:12.140" endtime="20210527 18:52:12.448"/>
</kw>
<kw name="Click Element" library="SeleniumLibrary">
<arg>xpath=/html//ul/li[3]/span/div/a[2]</arg>
<doc>Click the element identified by ``locator``.</doc>
<msg timestamp="20210527 18:52:12.449" level="INFO">Clicking element 'xpath=/html//ul/li[3]/span/div/a[2]'.</msg>
<status status="PASS" starttime="20210527 18:52:12.448" endtime="20210527 18:52:12.539"/>
</kw>
<status status="PASS" starttime="20210527 18:52:12.140" endtime="20210527 18:52:12.540"/>
</kw>
<kw name="Então devo ser direcionada à página &quot;Lista de Filtros Taxonômicos&quot;" library="resource">
<kw name="Wait Until Element Is Visible" library="SeleniumLibrary">
<arg>xpath=/html//mat-toolbar-row/span</arg>
<doc>Waits until the element ``locator`` is visible.</doc>
<status status="PASS" starttime="20210527 18:52:12.540" endtime="20210527 18:52:12.997"/>
</kw>
<kw name="Page Should Contain" library="SeleniumLibrary">
<arg>Ações</arg>
<doc>Verifies that current page contains ``text``.</doc>
<msg timestamp="20210527 18:52:13.008" level="INFO">Current page contains text 'Ações'.</msg>
<status status="PASS" starttime="20210527 18:52:12.997" endtime="20210527 18:52:13.009"/>
</kw>
<kw name="Capture Page Screenshot" library="SeleniumLibrary">
<doc>Takes a screenshot of the current page and embeds it into a log file.</doc>
<msg timestamp="20210527 18:52:13.093" level="INFO" html="true">&lt;/td&gt;&lt;/tr&gt;&lt;tr&gt;&lt;td colspan="3"&gt;&lt;a href="selenium-screenshot-32.png"&gt;&lt;img src="selenium-screenshot-32.png" width="800px"&gt;&lt;/a&gt;</msg>
<status status="PASS" starttime="20210527 18:52:13.009" endtime="20210527 18:52:13.093"/>
</kw>
<status status="PASS" starttime="20210527 18:52:12.540" endtime="20210527 18:52:13.094"/>
</kw>
<status status="PASS" starttime="20210527 18:52:03.820" endtime="20210527 18:52:13.094"/>
</test>
<kw name="Fechar navegador" library="resource" type="TEARDOWN">
<kw name="Close Browser" library="SeleniumLibrary">
<doc>Closes the current browser.</doc>
<status status="PASS" starttime="20210527 18:52:13.095" endtime="20210527 18:52:15.219"/>
</kw>
<status status="PASS" starttime="20210527 18:52:13.095" endtime="20210527 18:52:15.219"/>
</kw>
<status status="PASS" starttime="20210527 18:51:47.419" endtime="20210527 18:52:15.219"/>
</suite>
<statistics>
<total>
<stat pass="2" fail="0" skip="0">All Tests</stat>
</total>
<tag>
</tag>
<suite>
<stat pass="2" fail="0" skip="0" id="s1" name="Tests">Tests</stat>
</suite>
</statistics>
<errors>
</errors>
</robot>
